  main.cpp
cl : командная строка warning D9025: переопределение "/sdl" на "/GS-"
cl : командная строка warning D9025: The contents of <filesystem> are only available with C++17 or later.
D:\Users\Desktop\IBKS\5_course_1_semester\Zhukovsky\Laba2_3_4\Static_Analysis_Subsystem\Static_Analysis_Subsystem\sources\main.cpp(65,1): warning C4996: 'mbstowcs': This function or variable may be unsafe. Consider using mbstowcs_s instead. To disable deprecation, use _CRT_SECURE_NO_WARNINGS. See online help for details.
C:\Program Files (x86)\Windows Kits\10\Include\10.0.18362.0\ucrt\stdlib.h(927): message : см. объявление "mbstowcs"
D:\Users\Desktop\IBKS\5_course_1_semester\Zhukovsky\Laba2_3_4\Static_Analysis_Subsystem\Static_Analysis_Subsystem\sources\main.cpp(137,1): warning C4996: 'fopen': This function or variable may be unsafe. Consider using fopen_s instead. To disable deprecation, use _CRT_SECURE_NO_WARNINGS. See online help for details.
C:\Program Files (x86)\Windows Kits\10\Include\10.0.18362.0\ucrt\stdio.h(208): message : см. объявление "fopen"
D:\Users\Desktop\IBKS\5_course_1_semester\Zhukovsky\Laba2_3_4\Static_Analysis_Subsystem\Static_Analysis_Subsystem\sources\main.cpp(177,1): warning C4996: 'fopen': This function or variable may be unsafe. Consider using fopen_s instead. To disable deprecation, use _CRT_SECURE_NO_WARNINGS. See online help for details.
C:\Program Files (x86)\Windows Kits\10\Include\10.0.18362.0\ucrt\stdio.h(208): message : см. объявление "fopen"
D:\Users\Desktop\IBKS\5_course_1_semester\Zhukovsky\Laba2_3_4\Static_Analysis_Subsystem\Static_Analysis_Subsystem\sources\main.cpp(208,1): warning C4996: 'localtime': This function or variable may be unsafe. Consider using localtime_s instead. To disable deprecation, use _CRT_SECURE_NO_WARNINGS. See online help for details.
C:\Program Files (x86)\Windows Kits\10\Include\10.0.18362.0\ucrt\time.h(506): message : см. объявление "localtime"
  yara_detector.cpp
D:\Users\Desktop\IBKS\5_course_1_semester\Zhukovsky\Laba2_3_4\Static_Analysis_Subsystem\Static_Analysis_Subsystem\sources\main.cpp(1417,1): warning C4326: возвращаемый тип "main" должен быть "int", а не "void"
D:\Users\Desktop\IBKS\5_course_1_semester\Zhukovsky\Laba2_3_4\Static_Analysis_Subsystem\Static_Analysis_Subsystem\yara\sources\yara_detector.cpp(225,40): warning C4244: аргумент: преобразование "int64_t" в "size_t", возможна потеря данных
D:\Users\Desktop\IBKS\5_course_1_semester\Zhukovsky\Laba2_3_4\Static_Analysis_Subsystem\Static_Analysis_Subsystem\yara\sources\yara_detector.cpp(273,1): warning C4996: 'fopen': This function or variable may be unsafe. Consider using fopen_s instead. To disable deprecation, use _CRT_SECURE_NO_WARNINGS. See online help for details.
  yara_match.cpp
  yara_meta.cpp
  yara_rule.cpp
C:\Program Files (x86)\Windows Kits\10\Include\10.0.18362.0\ucrt\stdio.h(208): message : см. объявление "fopen"
     Создается библиотека D:\Users\Desktop\IBKS\5_course_1_semester\Zhukovsky\Laba2_3_4\Static_Analysis_Subsystem\Release\Static_Analysis_Subsystem.lib и объект D:\Users\Desktop\IBKS\5_course_1_semester\Zhukovsky\Laba2_3_4\Static_Analysis_Subsystem\Release\Static_Analysis_Subsystem.exp
  Создание кода
  Previous IPDB not found, fall back to full compilation.
  All 1554 functions were compiled because no usable IPDB/IOBJ from previous compilation was found.
  Создание кода завершено
libyara32(Release).lib(asn1_lib.obj) : warning LNK4099: "lib.pdb" PDB не найден с "libyara32(Release).lib(asn1_lib.obj)" или на "D:\Users\Desktop\IBKS\5_course_1_semester\Zhukovsky\Laba2_3_4\Static_Analysis_Subsystem\Release\lib.pdb"; компоновка объекта выполняется как при отсутствии отладочных данных
libyara32(Release).lib(a_object.obj) : warning LNK4099: "lib.pdb" PDB не найден с "libyara32(Release).lib(a_object.obj)" или на "D:\Users\Desktop\IBKS\5_course_1_semester\Zhukovsky\Laba2_3_4\Static_Analysis_Subsystem\Release\lib.pdb"; компоновка объекта выполняется как при отсутствии отладочных данных
libyara32(Release).lib(obj_lib.obj) : warning LNK4099: "lib.pdb" PDB не найден с "libyara32(Release).lib(obj_lib.obj)" или на "D:\Users\Desktop\IBKS\5_course_1_semester\Zhukovsky\Laba2_3_4\Static_Analysis_Subsystem\Release\lib.pdb"; компоновка объекта выполняется как при отсутствии отладочных данных
libyara32(Release).lib(obj_dat.obj) : warning LNK4099: "lib.pdb" PDB не найден с "libyara32(Release).lib(obj_dat.obj)" или на "D:\Users\Desktop\IBKS\5_course_1_semester\Zhukovsky\Laba2_3_4\Static_Analysis_Subsystem\Release\lib.pdb"; компоновка объекта выполняется как при отсутствии отладочных данных
libyara32(Release).lib(err.obj) : warning LNK4099: "lib.pdb" PDB не найден с "libyara32(Release).lib(err.obj)" или на "D:\Users\Desktop\IBKS\5_course_1_semester\Zhukovsky\Laba2_3_4\Static_Analysis_Subsystem\Release\lib.pdb"; компоновка объекта выполняется как при отсутствии отладочных данных
libyara32(Release).lib(lhash.obj) : warning LNK4099: "lib.pdb" PDB не найден с "libyara32(Release).lib(lhash.obj)" или на "D:\Users\Desktop\IBKS\5_course_1_semester\Zhukovsky\Laba2_3_4\Static_Analysis_Subsystem\Release\lib.pdb"; компоновка объекта выполняется как при отсутствии отладочных данных
libyara32(Release).lib(stack.obj) : warning LNK4099: "lib.pdb" PDB не найден с "libyara32(Release).lib(stack.obj)" или на "D:\Users\Desktop\IBKS\5_course_1_semester\Zhukovsky\Laba2_3_4\Static_Analysis_Subsystem\Release\lib.pdb"; компоновка объекта выполняется как при отсутствии отладочных данных
libyara32(Release).lib(b_print.obj) : warning LNK4099: "lib.pdb" PDB не найден с "libyara32(Release).lib(b_print.obj)" или на "D:\Users\Desktop\IBKS\5_course_1_semester\Zhukovsky\Laba2_3_4\Static_Analysis_Subsystem\Release\lib.pdb"; компоновка объекта выполняется как при отсутствии отладочных данных
libyara32(Release).lib(bss_file.obj) : warning LNK4099: "lib.pdb" PDB не найден с "libyara32(Release).lib(bss_file.obj)" или на "D:\Users\Desktop\IBKS\5_course_1_semester\Zhukovsky\Laba2_3_4\Static_Analysis_Subsystem\Release\lib.pdb"; компоновка объекта выполняется как при отсутствии отладочных данных
libyara32(Release).lib(bio_lib.obj) : warning LNK4099: "lib.pdb" PDB не найден с "libyara32(Release).lib(bio_lib.obj)" или на "D:\Users\Desktop\IBKS\5_course_1_semester\Zhukovsky\Laba2_3_4\Static_Analysis_Subsystem\Release\lib.pdb"; компоновка объекта выполняется как при отсутствии отладочных данных
libyara32(Release).lib(buf_str.obj) : warning LNK4099: "lib.pdb" PDB не найден с "libyara32(Release).lib(buf_str.obj)" или на "D:\Users\Desktop\IBKS\5_course_1_semester\Zhukovsky\Laba2_3_4\Static_Analysis_Subsystem\Release\lib.pdb"; компоновка объекта выполняется как при отсутствии отладочных данных
libyara32(Release).lib(bn_word.obj) : warning LNK4099: "lib.pdb" PDB не найден с "libyara32(Release).lib(bn_word.obj)" или на "D:\Users\Desktop\IBKS\5_course_1_semester\Zhukovsky\Laba2_3_4\Static_Analysis_Subsystem\Release\lib.pdb"; компоновка объекта выполняется как при отсутствии отладочных данных
libyara32(Release).lib(bn_shift.obj) : warning LNK4099: "lib.pdb" PDB не найден с "libyara32(Release).lib(bn_shift.obj)" или на "D:\Users\Desktop\IBKS\5_course_1_semester\Zhukovsky\Laba2_3_4\Static_Analysis_Subsystem\Release\lib.pdb"; компоновка объекта выполняется как при отсутствии отладочных данных
libyara32(Release).lib(bn_print.obj) : warning LNK4099: "lib.pdb" PDB не найден с "libyara32(Release).lib(bn_print.obj)" или на "D:\Users\Desktop\IBKS\5_course_1_semester\Zhukovsky\Laba2_3_4\Static_Analysis_Subsystem\Release\lib.pdb"; компоновка объекта выполняется как при отсутствии отладочных данных
libyara32(Release).lib(bn_lib.obj) : warning LNK4099: "lib.pdb" PDB не найден с "libyara32(Release).lib(bn_lib.obj)" или на "D:\Users\Desktop\IBKS\5_course_1_semester\Zhukovsky\Laba2_3_4\Static_Analysis_Subsystem\Release\lib.pdb"; компоновка объекта выполняется как при отсутствии отладочных данных
libyara32(Release).lib(sha256.obj) : warning LNK4099: "lib.pdb" PDB не найден с "libyara32(Release).lib(sha256.obj)" или на "D:\Users\Desktop\IBKS\5_course_1_semester\Zhukovsky\Laba2_3_4\Static_Analysis_Subsystem\Release\lib.pdb"; компоновка объекта выполняется как при отсутствии отладочных данных
libyara32(Release).lib(md5_one.obj) : warning LNK4099: "lib.pdb" PDB не найден с "libyara32(Release).lib(md5_one.obj)" или на "D:\Users\Desktop\IBKS\5_course_1_semester\Zhukovsky\Laba2_3_4\Static_Analysis_Subsystem\Release\lib.pdb"; компоновка объекта выполняется как при отсутствии отладочных данных
libyara32(Release).lib(md5_dgst.obj) : warning LNK4099: "lib.pdb" PDB не найден с "libyara32(Release).lib(md5_dgst.obj)" или на "D:\Users\Desktop\IBKS\5_course_1_semester\Zhukovsky\Laba2_3_4\Static_Analysis_Subsystem\Release\lib.pdb"; компоновка объекта выполняется как при отсутствии отладочных данных
libyara32(Release).lib(o_init.obj) : warning LNK4099: "lib.pdb" PDB не найден с "libyara32(Release).lib(o_init.obj)" или на "D:\Users\Desktop\IBKS\5_course_1_semester\Zhukovsky\Laba2_3_4\Static_Analysis_Subsystem\Release\lib.pdb"; компоновка объекта выполняется как при отсутствии отладочных данных
libyara32(Release).lib(ex_data.obj) : warning LNK4099: "lib.pdb" PDB не найден с "libyara32(Release).lib(ex_data.obj)" или на "D:\Users\Desktop\IBKS\5_course_1_semester\Zhukovsky\Laba2_3_4\Static_Analysis_Subsystem\Release\lib.pdb"; компоновка объекта выполняется как при отсутствии отладочных данных
libyara32(Release).lib(mem_dbg.obj) : warning LNK4099: "lib.pdb" PDB не найден с "libyara32(Release).lib(mem_dbg.obj)" или на "D:\Users\Desktop\IBKS\5_course_1_semester\Zhukovsky\Laba2_3_4\Static_Analysis_Subsystem\Release\lib.pdb"; компоновка объекта выполняется как при отсутствии отладочных данных
libyara32(Release).lib(mem.obj) : warning LNK4099: "lib.pdb" PDB не найден с "libyara32(Release).lib(mem.obj)" или на "D:\Users\Desktop\IBKS\5_course_1_semester\Zhukovsky\Laba2_3_4\Static_Analysis_Subsystem\Release\lib.pdb"; компоновка объекта выполняется как при отсутствии отладочных данных
libyara32(Release).lib(cryptlib.obj) : warning LNK4099: "lib.pdb" PDB не найден с "libyara32(Release).lib(cryptlib.obj)" или на "D:\Users\Desktop\IBKS\5_course_1_semester\Zhukovsky\Laba2_3_4\Static_Analysis_Subsystem\Release\lib.pdb"; компоновка объекта выполняется как при отсутствии отладочных данных
  Static_Analysis_Subsystem.vcxproj -> D:\Users\Desktop\IBKS\5_course_1_semester\Zhukovsky\Laba2_3_4\Static_Analysis_Subsystem\Release\Static_Analysis_Subsystem.exe
