  main.cpp
cl : командная строка warning D9025: переопределение "/sdl" на "/GS-"
cl : командная строка warning D9025: The contents of <filesystem> are only available with C++17 or later.
D:\Users\Desktop\IBKS\5_course_1_semester\Zhukovsky\Laba2\Static_Analysis_Subsystem\Static_Analysis_Subsystem\sources\main.cpp(58,1): warning C4996: 'fopen': This function or variable may be unsafe. Consider using fopen_s instead. To disable deprecation, use _CRT_SECURE_NO_WARNINGS. See online help for details.
C:\Program Files (x86)\Windows Kits\10\Include\10.0.18362.0\ucrt\stdio.h(208): message : см. объявление "fopen"
D:\Users\Desktop\IBKS\5_course_1_semester\Zhukovsky\Laba2\Static_Analysis_Subsystem\Static_Analysis_Subsystem\sources\main.cpp(98,1): warning C4996: 'fopen': This function or variable may be unsafe. Consider using fopen_s instead. To disable deprecation, use _CRT_SECURE_NO_WARNINGS. See online help for details.
C:\Program Files (x86)\Windows Kits\10\Include\10.0.18362.0\ucrt\stdio.h(208): message : см. объявление "fopen"
  yara_detector.cpp
D:\Users\Desktop\IBKS\5_course_1_semester\Zhukovsky\Laba2\Static_Analysis_Subsystem\Static_Analysis_Subsystem\sources\main.cpp(681,1): warning C4326: возвращаемый тип "main" должен быть "int", а не "void"
D:\Users\Desktop\IBKS\5_course_1_semester\Zhukovsky\Laba2\Static_Analysis_Subsystem\Static_Analysis_Subsystem\yara\sources\yara_detector.cpp(273,1): warning C4996: 'fopen': This function or variable may be unsafe. Consider using fopen_s instead. To disable deprecation, use _CRT_SECURE_NO_WARNINGS. See online help for details.
  yara_match.cpp
  yara_meta.cpp
  yara_rule.cpp
C:\Program Files (x86)\Windows Kits\10\Include\10.0.18362.0\ucrt\stdio.h(208): message : см. объявление "fopen"
     Создается библиотека D:\Users\Desktop\IBKS\5_course_1_semester\Zhukovsky\Laba2\Static_Analysis_Subsystem\x64\Release\Static_Analysis_Subsystem.lib и объект D:\Users\Desktop\IBKS\5_course_1_semester\Zhukovsky\Laba2\Static_Analysis_Subsystem\x64\Release\Static_Analysis_Subsystem.exp
  Создание кода
  23 of 645 functions ( 3.6%) were compiled, the rest were copied from previous compilation.
    14 functions were new in current compilation
    85 functions had inline decision re-evaluated but remain unchanged
  Создание кода завершено
libyara64(Release).lib(asn1_lib.obj) : warning LNK4099: "lib.pdb" PDB не найден с "libyara64(Release).lib(asn1_lib.obj)" или на "D:\Users\Desktop\IBKS\5_course_1_semester\Zhukovsky\Laba2\Static_Analysis_Subsystem\x64\Release\lib.pdb"; компоновка объекта выполняется как при отсутствии отладочных данных
libyara64(Release).lib(a_object.obj) : warning LNK4099: "lib.pdb" PDB не найден с "libyara64(Release).lib(a_object.obj)" или на "D:\Users\Desktop\IBKS\5_course_1_semester\Zhukovsky\Laba2\Static_Analysis_Subsystem\x64\Release\lib.pdb"; компоновка объекта выполняется как при отсутствии отладочных данных
libyara64(Release).lib(obj_lib.obj) : warning LNK4099: "lib.pdb" PDB не найден с "libyara64(Release).lib(obj_lib.obj)" или на "D:\Users\Desktop\IBKS\5_course_1_semester\Zhukovsky\Laba2\Static_Analysis_Subsystem\x64\Release\lib.pdb"; компоновка объекта выполняется как при отсутствии отладочных данных
libyara64(Release).lib(obj_dat.obj) : warning LNK4099: "lib.pdb" PDB не найден с "libyara64(Release).lib(obj_dat.obj)" или на "D:\Users\Desktop\IBKS\5_course_1_semester\Zhukovsky\Laba2\Static_Analysis_Subsystem\x64\Release\lib.pdb"; компоновка объекта выполняется как при отсутствии отладочных данных
libyara64(Release).lib(err.obj) : warning LNK4099: "lib.pdb" PDB не найден с "libyara64(Release).lib(err.obj)" или на "D:\Users\Desktop\IBKS\5_course_1_semester\Zhukovsky\Laba2\Static_Analysis_Subsystem\x64\Release\lib.pdb"; компоновка объекта выполняется как при отсутствии отладочных данных
libyara64(Release).lib(lhash.obj) : warning LNK4099: "lib.pdb" PDB не найден с "libyara64(Release).lib(lhash.obj)" или на "D:\Users\Desktop\IBKS\5_course_1_semester\Zhukovsky\Laba2\Static_Analysis_Subsystem\x64\Release\lib.pdb"; компоновка объекта выполняется как при отсутствии отладочных данных
libyara64(Release).lib(stack.obj) : warning LNK4099: "lib.pdb" PDB не найден с "libyara64(Release).lib(stack.obj)" или на "D:\Users\Desktop\IBKS\5_course_1_semester\Zhukovsky\Laba2\Static_Analysis_Subsystem\x64\Release\lib.pdb"; компоновка объекта выполняется как при отсутствии отладочных данных
libyara64(Release).lib(b_print.obj) : warning LNK4099: "lib.pdb" PDB не найден с "libyara64(Release).lib(b_print.obj)" или на "D:\Users\Desktop\IBKS\5_course_1_semester\Zhukovsky\Laba2\Static_Analysis_Subsystem\x64\Release\lib.pdb"; компоновка объекта выполняется как при отсутствии отладочных данных
libyara64(Release).lib(bss_file.obj) : warning LNK4099: "lib.pdb" PDB не найден с "libyara64(Release).lib(bss_file.obj)" или на "D:\Users\Desktop\IBKS\5_course_1_semester\Zhukovsky\Laba2\Static_Analysis_Subsystem\x64\Release\lib.pdb"; компоновка объекта выполняется как при отсутствии отладочных данных
libyara64(Release).lib(bio_lib.obj) : warning LNK4099: "lib.pdb" PDB не найден с "libyara64(Release).lib(bio_lib.obj)" или на "D:\Users\Desktop\IBKS\5_course_1_semester\Zhukovsky\Laba2\Static_Analysis_Subsystem\x64\Release\lib.pdb"; компоновка объекта выполняется как при отсутствии отладочных данных
libyara64(Release).lib(buf_str.obj) : warning LNK4099: "lib.pdb" PDB не найден с "libyara64(Release).lib(buf_str.obj)" или на "D:\Users\Desktop\IBKS\5_course_1_semester\Zhukovsky\Laba2\Static_Analysis_Subsystem\x64\Release\lib.pdb"; компоновка объекта выполняется как при отсутствии отладочных данных
libyara64(Release).lib(bn_asm.obj) : warning LNK4099: "lib.pdb" PDB не найден с "libyara64(Release).lib(bn_asm.obj)" или на "D:\Users\Desktop\IBKS\5_course_1_semester\Zhukovsky\Laba2\Static_Analysis_Subsystem\x64\Release\lib.pdb"; компоновка объекта выполняется как при отсутствии отладочных данных
libyara64(Release).lib(bn_word.obj) : warning LNK4099: "lib.pdb" PDB не найден с "libyara64(Release).lib(bn_word.obj)" или на "D:\Users\Desktop\IBKS\5_course_1_semester\Zhukovsky\Laba2\Static_Analysis_Subsystem\x64\Release\lib.pdb"; компоновка объекта выполняется как при отсутствии отладочных данных
libyara64(Release).lib(bn_shift.obj) : warning LNK4099: "lib.pdb" PDB не найден с "libyara64(Release).lib(bn_shift.obj)" или на "D:\Users\Desktop\IBKS\5_course_1_semester\Zhukovsky\Laba2\Static_Analysis_Subsystem\x64\Release\lib.pdb"; компоновка объекта выполняется как при отсутствии отладочных данных
libyara64(Release).lib(bn_print.obj) : warning LNK4099: "lib.pdb" PDB не найден с "libyara64(Release).lib(bn_print.obj)" или на "D:\Users\Desktop\IBKS\5_course_1_semester\Zhukovsky\Laba2\Static_Analysis_Subsystem\x64\Release\lib.pdb"; компоновка объекта выполняется как при отсутствии отладочных данных
libyara64(Release).lib(bn_lib.obj) : warning LNK4099: "lib.pdb" PDB не найден с "libyara64(Release).lib(bn_lib.obj)" или на "D:\Users\Desktop\IBKS\5_course_1_semester\Zhukovsky\Laba2\Static_Analysis_Subsystem\x64\Release\lib.pdb"; компоновка объекта выполняется как при отсутствии отладочных данных
libyara64(Release).lib(sha256.obj) : warning LNK4099: "lib.pdb" PDB не найден с "libyara64(Release).lib(sha256.obj)" или на "D:\Users\Desktop\IBKS\5_course_1_semester\Zhukovsky\Laba2\Static_Analysis_Subsystem\x64\Release\lib.pdb"; компоновка объекта выполняется как при отсутствии отладочных данных
libyara64(Release).lib(md5_one.obj) : warning LNK4099: "lib.pdb" PDB не найден с "libyara64(Release).lib(md5_one.obj)" или на "D:\Users\Desktop\IBKS\5_course_1_semester\Zhukovsky\Laba2\Static_Analysis_Subsystem\x64\Release\lib.pdb"; компоновка объекта выполняется как при отсутствии отладочных данных
libyara64(Release).lib(md5_dgst.obj) : warning LNK4099: "lib.pdb" PDB не найден с "libyara64(Release).lib(md5_dgst.obj)" или на "D:\Users\Desktop\IBKS\5_course_1_semester\Zhukovsky\Laba2\Static_Analysis_Subsystem\x64\Release\lib.pdb"; компоновка объекта выполняется как при отсутствии отладочных данных
libyara64(Release).lib(o_init.obj) : warning LNK4099: "lib.pdb" PDB не найден с "libyara64(Release).lib(o_init.obj)" или на "D:\Users\Desktop\IBKS\5_course_1_semester\Zhukovsky\Laba2\Static_Analysis_Subsystem\x64\Release\lib.pdb"; компоновка объекта выполняется как при отсутствии отладочных данных
libyara64(Release).lib(ex_data.obj) : warning LNK4099: "lib.pdb" PDB не найден с "libyara64(Release).lib(ex_data.obj)" или на "D:\Users\Desktop\IBKS\5_course_1_semester\Zhukovsky\Laba2\Static_Analysis_Subsystem\x64\Release\lib.pdb"; компоновка объекта выполняется как при отсутствии отладочных данных
libyara64(Release).lib(mem_dbg.obj) : warning LNK4099: "lib.pdb" PDB не найден с "libyara64(Release).lib(mem_dbg.obj)" или на "D:\Users\Desktop\IBKS\5_course_1_semester\Zhukovsky\Laba2\Static_Analysis_Subsystem\x64\Release\lib.pdb"; компоновка объекта выполняется как при отсутствии отладочных данных
libyara64(Release).lib(mem.obj) : warning LNK4099: "lib.pdb" PDB не найден с "libyara64(Release).lib(mem.obj)" или на "D:\Users\Desktop\IBKS\5_course_1_semester\Zhukovsky\Laba2\Static_Analysis_Subsystem\x64\Release\lib.pdb"; компоновка объекта выполняется как при отсутствии отладочных данных
libyara64(Release).lib(cryptlib.obj) : warning LNK4099: "lib.pdb" PDB не найден с "libyara64(Release).lib(cryptlib.obj)" или на "D:\Users\Desktop\IBKS\5_course_1_semester\Zhukovsky\Laba2\Static_Analysis_Subsystem\x64\Release\lib.pdb"; компоновка объекта выполняется как при отсутствии отладочных данных
  Static_Analysis_Subsystem.vcxproj -> D:\Users\Desktop\IBKS\5_course_1_semester\Zhukovsky\Laba2\Static_Analysis_Subsystem\x64\Release\Static_Analysis_Subsystem.exe
